<?xml version="1.0" encoding="UTF-8"?>
<robot generator="Robot 6.0.2 (Python 3.11.2 on win32)" generated="20230411 09:28:25.990" rpa="false" schemaversion="3">
<suite id="s1" name="Login" source="C:\training\loppuprojekti\Robot-Framework\Tests\Login.robot">
<test id="s1-t1" name="Verify Succesful Login to TaskRabbit" line="7">
<kw name="Open Chrome To" library="Chrome">
<arg>http://localhost:3000/</arg>
<doc>When Chrome window doesn't open properly, try this.</doc>
<kw name="Evaluate" library="BuiltIn">
<var>${chrome_options}</var>
<arg>sys.modules['selenium.webdriver'].ChromeOptions()</arg>
<arg>sys, selenium.webdriver</arg>
<doc>Evaluates the given expression in Python and returns the result.</doc>
<msg timestamp="20230411 09:28:26.234" level="INFO">${chrome_options} = &lt;selenium.webdriver.chrome.options.Options object at 0x000002CF38E943D0&gt;</msg>
<status status="PASS" starttime="20230411 09:28:26.234" endtime="20230411 09:28:26.234"/>
</kw>
<kw name="Call Method" library="BuiltIn">
<arg>${chrome_options}</arg>
<arg>add_argument</arg>
<arg>--remote-debugging-port\=9222</arg>
<doc>Calls the named method of the given object with the provided arguments.</doc>
<status status="PASS" starttime="20230411 09:28:26.234" endtime="20230411 09:28:26.234"/>
</kw>
<kw name="Create List" library="BuiltIn">
<var>${excludeSwitches_list}</var>
<arg>enable-logging</arg>
<doc>Returns a list containing given items.</doc>
<msg timestamp="20230411 09:28:26.234" level="INFO">${excludeSwitches_list} = ['enable-logging']</msg>
<status status="PASS" starttime="20230411 09:28:26.234" endtime="20230411 09:28:26.234"/>
</kw>
<kw name="Call Method" library="BuiltIn">
<arg>${chrome_options}</arg>
<arg>add_experimental_option</arg>
<arg>excludeSwitches</arg>
<arg>${excludeSwitches_list}</arg>
<doc>Calls the named method of the given object with the provided arguments.</doc>
<status status="PASS" starttime="20230411 09:28:26.234" endtime="20230411 09:28:26.234"/>
</kw>
<kw name="Call Method" library="BuiltIn">
<arg>${chrome_options}</arg>
<arg>add_experimental_option</arg>
<arg>useAutomationExtension</arg>
<arg>${false}</arg>
<doc>Calls the named method of the given object with the provided arguments.</doc>
<status status="PASS" starttime="20230411 09:28:26.234" endtime="20230411 09:28:26.235"/>
</kw>
<kw name="Open Browser" library="SeleniumLibrary">
<arg>${url}</arg>
<arg>chrome</arg>
<arg>options=${chrome_options}</arg>
<doc>Opens a new browser instance to the optional ``url``.</doc>
<msg timestamp="20230411 09:28:26.235" level="INFO">Opening browser 'chrome' to base url 'http://localhost:3000/'.</msg>
<status status="PASS" starttime="20230411 09:28:26.235" endtime="20230411 09:28:29.859"/>
</kw>
<status status="PASS" starttime="20230411 09:28:26.233" endtime="20230411 09:28:29.859"/>
</kw>
<kw name="Wait Until Element Is Visible" library="SeleniumLibrary">
<arg>id:nav-btn-login</arg>
<arg>timeout=5</arg>
<doc>Waits until the element ``locator`` is visible.</doc>
<status status="PASS" starttime="20230411 09:28:29.859" endtime="20230411 09:28:29.887"/>
</kw>
<kw name="Click Element" library="SeleniumLibrary">
<arg>id:nav-btn-login</arg>
<doc>Click the element identified by ``locator``.</doc>
<msg timestamp="20230411 09:28:29.888" level="INFO">Clicking element 'id:nav-btn-login'.</msg>
<status status="PASS" starttime="20230411 09:28:29.888" endtime="20230411 09:28:29.938"/>
</kw>
<kw name="Wait Until Element Is Visible" library="SeleniumLibrary">
<arg>id:txt-username</arg>
<arg>timeout=5</arg>
<doc>Waits until the element ``locator`` is visible.</doc>
<status status="PASS" starttime="20230411 09:28:29.939" endtime="20230411 09:28:30.372"/>
</kw>
<kw name="Input Text" library="SeleniumLibrary">
<arg>id:txt-username</arg>
<arg>admin</arg>
<doc>Types the given ``text`` into the text field identified by ``locator``.</doc>
<msg timestamp="20230411 09:28:30.372" level="INFO">Typing text 'admin' into text field 'id:txt-username'.</msg>
<status status="PASS" starttime="20230411 09:28:30.372" endtime="20230411 09:28:30.456"/>
</kw>
<kw name="Input Password" library="SeleniumLibrary">
<arg>id:txt-password</arg>
<arg>admin</arg>
<doc>Types the given password into the text field identified by ``locator``.</doc>
<msg timestamp="20230411 09:28:30.456" level="INFO">Typing password into text field 'id:txt-password'.</msg>
<msg timestamp="20230411 09:28:30.483" level="INFO">Temporally setting log level to: NONE</msg>
<msg timestamp="20230411 09:28:30.519" level="INFO">Log level changed from NONE to INFO.</msg>
<status status="PASS" starttime="20230411 09:28:30.456" endtime="20230411 09:28:30.519"/>
</kw>
<kw name="Click Element" library="SeleniumLibrary">
<arg>id:btn-login</arg>
<doc>Click the element identified by ``locator``.</doc>
<msg timestamp="20230411 09:28:30.520" level="INFO">Clicking element 'id:btn-login'.</msg>
<status status="PASS" starttime="20230411 09:28:30.519" endtime="20230411 09:28:30.554"/>
</kw>
<kw name="Wait Until Element Is Visible" library="SeleniumLibrary">
<arg>id:nav-btn-myTasks</arg>
<arg>timeout=5</arg>
<doc>Waits until the element ``locator`` is visible.</doc>
<status status="PASS" starttime="20230411 09:28:30.555" endtime="20230411 09:28:30.779"/>
</kw>
<kw name="Element Should Be Visible" library="SeleniumLibrary">
<arg>id:nav-btn-myTasks</arg>
<doc>Verifies that the element identified by ``locator`` is visible.</doc>
<msg timestamp="20230411 09:28:30.790" level="INFO">Element 'id:nav-btn-myTasks' is displayed.</msg>
<status status="PASS" starttime="20230411 09:28:30.779" endtime="20230411 09:28:30.790"/>
</kw>
<kw name="Close Browser" library="SeleniumLibrary">
<doc>Closes the current browser.</doc>
<status status="PASS" starttime="20230411 09:28:30.790" endtime="20230411 09:28:32.928"/>
</kw>
<doc>This test case verifies that user is able to succesfully login</doc>
<tag>smoke</tag>
<status status="PASS" starttime="20230411 09:28:26.233" endtime="20230411 09:28:32.929"/>
</test>
<status status="PASS" starttime="20230411 09:28:25.992" endtime="20230411 09:28:32.930"/>
</suite>
<statistics>
<total>
<stat pass="1" fail="0" skip="0">All Tests</stat>
</total>
<tag>
<stat pass="1" fail="0" skip="0">smoke</stat>
</tag>
<suite>
<stat pass="1" fail="0" skip="0" id="s1" name="Login">Login</stat>
</suite>
</statistics>
<errors>
</errors>
</robot>
